        -:    0:Source:assertTest.c
        -:    0:Programs:17
        -:    1:#include "assertTest.h"
        -:    2:
       80:    3:int assertInt(int a, int b)
        -:    4:{
       80:    5:    if (a == b) {
       50:    6:        return 1;
        -:    7:    }
        -:    8:
       30:    9:    return 0;
        -:   10:}
        -:   11:
        -:   12:
    #####:   13:int assertIntArr(int *a, int *b)
        -:   14:{
    #####:   15:    int aN = sizeof(a)/sizeof(a[0]);
    #####:   16:    int bN = sizeof(b)/sizeof(b[0]);
        -:   17:
    #####:   18:    if (aN != bN) {
    #####:   19:        return -1;
        -:   20:    }
        -:   21:    
        -:   22:    int i;
    #####:   23:    for (i = 0; i < aN; i++) {
    #####:   24:        if (a[i] != b[i]) {
    #####:   25:            return 0;
        -:   26:        }
        -:   27:    }
        -:   28:
    #####:   29:    return 1;
        -:   30:}
